<?xml version="1.0" encoding="UTF-8"?>
<testng-results skipped="0" failed="2" total="3" passed="1">
  <reporter-output>
    <line>
      <![CDATA[Reporter log started]]>
    </line>
    <line>
      <![CDATA[Login was successful. Moving to next step]]>
    </line>
  </reporter-output>
  <suite name="preserve-order Suite" duration-ms="407738" started-at="2020-12-09T05:37:04Z" finished-at="2020-12-09T05:43:52Z">
    <groups>
    </groups>
    <test name="tests" duration-ms="407738" started-at="2020-12-09T05:37:04Z" finished-at="2020-12-09T05:43:52Z">
      <class name="com.tt.BE.TC_PromoURLBooking">
        <test-method status="FAIL" signature="offercode(java.util.HashMap)[pri:0, instance:com.tt.BE.TC_PromoURLBooking@5cb9f472]" name="offercode" duration-ms="84876" started-at="2020-12-09T11:12:24Z" data-provider="dataSupplier" finished-at="2020-12-09T11:13:49Z">
          <params>
            <param index="0">
              <value>
                <![CDATA[{=, Email=test@test.com, Special and offer code=coppercomplimentry, Address=499 Maple St., FirstName=Test, Enterzipcode=27540, Address2=Holly Springs, EnterCurrency=USD, roomtype=Superior King, Enterrooms=2, Cardname=test, Entercountry=United States, Entercity=Newyork, Numberoncard=4111111111111111, LastName=Test, Enterstate=Texas, Enterphonenum=1234567890}]]>
              </value>
            </param>
          </params>
          <exception class="java.lang.AssertionError">
            <message>
              <![CDATA[expected [true] but found [false]]]>
            </message>
            <full-stacktrace>
              <![CDATA[java.lang.AssertionError: expected [true] but found [false]
	at org.testng.Assert.fail(Assert.java:94)
	at org.testng.Assert.failNotEquals(Assert.java:494)
	at org.testng.Assert.assertEquals(Assert.java:123)
	at org.testng.Assert.assertEquals(Assert.java:286)
	at org.testng.Assert.assertEquals(Assert.java:296)
	at com.tt.BE.TC_PromoURLBooking.offercode(TC_PromoURLBooking.java:119)
	at sun.reflect.NativeMethodAccessorImpl.invoke0(Native Method)
	at sun.reflect.NativeMethodAccessorImpl.invoke(Unknown Source)
	at sun.reflect.DelegatingMethodAccessorImpl.invoke(Unknown Source)
	at java.lang.reflect.Method.invoke(Unknown Source)
	at org.testng.internal.MethodInvocationHelper.invokeMethod(MethodInvocationHelper.java:84)
	at org.testng.internal.Invoker.invokeMethod(Invoker.java:714)
	at org.testng.internal.Invoker.invokeTestMethod(Invoker.java:901)
	at org.testng.internal.Invoker.invokeTestMethods(Invoker.java:1231)
	at org.testng.internal.TestMethodWorker.invokeTestMethods(TestMethodWorker.java:127)
	at org.testng.internal.TestMethodWorker.run(TestMethodWorker.java:111)
	at org.testng.TestRunner.privateRun(TestRunner.java:767)
	at org.testng.TestRunner.run(TestRunner.java:617)
	at org.testng.SuiteRunner.runTest(SuiteRunner.java:334)
	at org.testng.SuiteRunner.runSequentially(SuiteRunner.java:329)
	at org.testng.SuiteRunner.privateRun(SuiteRunner.java:291)
	at org.testng.SuiteRunner.run(SuiteRunner.java:240)
	at org.testng.SuiteRunnerWorker.runSuite(SuiteRunnerWorker.java:52)
	at org.testng.SuiteRunnerWorker.run(SuiteRunnerWorker.java:86)
	at org.testng.TestNG.runSuitesSequentially(TestNG.java:1224)
	at org.testng.TestNG.runSuitesLocally(TestNG.java:1149)
	at org.testng.TestNG.run(TestNG.java:1057)
	at org.testng.remote.AbstractRemoteTestNG.run(AbstractRemoteTestNG.java:114)
	at org.testng.remote.RemoteTestNG.initAndRun(RemoteTestNG.java:251)
	at org.testng.remote.RemoteTestNG.main(RemoteTestNG.java:77)
]]>
            </full-stacktrace>
          </exception> <!-- java.lang.AssertionError -->
          <reporter-output>
          </reporter-output>
        </test-method> <!-- offercode -->
        <test-method status="PASS" signature="getResult(org.testng.ITestResult)[pri:0, instance:com.tt.BE.TC_PromoURLBooking@5cb9f472]" name="getResult" is-config="true" duration-ms="567" started-at="2020-12-09T11:13:49Z" finished-at="2020-12-09T11:13:50Z">
          <params>
            <param index="0">
              <value>
                <![CDATA[[TestResult name=offercode status=FAILURE method=TC_PromoURLBooking.offercode(java.util.HashMap)[pri:0, instance:com.tt.BE.TC_PromoURLBooking@5cb9f472] output={null}]]]>
              </value>
            </param>
          </params>
          <reporter-output>
          </reporter-output>
        </test-method> <!-- getResult -->
      </class> <!-- com.tt.BE.TC_PromoURLBooking -->
      <class name="com.tt.admin.TC_SpecialRate_dates">
        <test-method status="PASS" signature="deleteLog()[pri:0, instance:com.tt.admin.TC_SpecialRate_dates@5700d6b1]" name="deleteLog" is-config="true" duration-ms="13" started-at="2020-12-09T11:07:04Z" finished-at="2020-12-09T11:07:04Z">
          <reporter-output>
          </reporter-output>
        </test-method> <!-- deleteLog -->
        <test-method status="PASS" signature="setUp()[pri:0, instance:com.tt.admin.TC_SpecialRate_dates@5700d6b1]" name="setUp" is-config="true" duration-ms="205" started-at="2020-12-09T11:07:04Z" finished-at="2020-12-09T11:07:04Z">
          <reporter-output>
          </reporter-output>
        </test-method> <!-- setUp -->
        <test-method status="PASS" signature="Beforem(java.lang.String)[pri:0, instance:com.tt.admin.TC_SpecialRate_dates@5700d6b1]" name="Beforem" is-config="true" duration-ms="11316" started-at="2020-12-09T11:07:04Z" finished-at="2020-12-09T11:07:15Z">
          <params>
            <param index="0">
              <value>
                <![CDATA[chrome]]>
              </value>
            </param>
          </params>
          <reporter-output>
            <line>
              <![CDATA[Reporter log started]]>
            </line>
            <line>
              <![CDATA[Login was successful. Moving to next step]]>
            </line>
          </reporter-output>
        </test-method> <!-- Beforem -->
        <test-method status="PASS" signature="specialrateplan(java.util.HashMap)[pri:0, instance:com.tt.admin.TC_SpecialRate_dates@5700d6b1]" name="specialrateplan" duration-ms="196929" started-at="2020-12-09T11:07:17Z" data-provider="Rategrid" finished-at="2020-12-09T11:10:34Z">
          <params>
            <param index="0">
              <value>
                <![CDATA[{offer=coppercomplimentry, RoomType=Superior King, Category=Fixed Rate Plan, EnterValue=All, Rateplan=Stay2NightsAndGet25PerCentOFFBAR, RoomRate=340}]]>
              </value>
            </param>
          </params>
          <reporter-output>
          </reporter-output>
        </test-method> <!-- specialrateplan -->
        <test-method status="PASS" signature="getResult(org.testng.ITestResult)[pri:0, instance:com.tt.admin.TC_SpecialRate_dates@5700d6b1]" name="getResult" is-config="true" duration-ms="489" started-at="2020-12-09T11:10:34Z" finished-at="2020-12-09T11:10:34Z">
          <params>
            <param index="0">
              <value>
                <![CDATA[[TestResult name=specialrateplan status=SUCCESS method=TC_SpecialRate_dates.specialrateplan(java.util.HashMap)[pri:0, instance:com.tt.admin.TC_SpecialRate_dates@5700d6b1] output={null}]]]>
              </value>
            </param>
          </params>
          <reporter-output>
          </reporter-output>
        </test-method> <!-- getResult -->
        <test-method status="PASS" signature="driverclose()[pri:0, instance:com.tt.admin.TC_SpecialRate_dates@5700d6b1]" name="driverclose" is-config="true" duration-ms="1773" started-at="2020-12-09T11:13:50Z" finished-at="2020-12-09T11:13:52Z">
          <reporter-output>
          </reporter-output>
        </test-method> <!-- driverclose -->
        <test-method status="PASS" signature="tearDown()[pri:0, instance:com.tt.admin.TC_SpecialRate_dates@5700d6b1]" name="tearDown" is-config="true" duration-ms="468" started-at="2020-12-09T11:13:52Z" finished-at="2020-12-09T11:13:52Z">
          <reporter-output>
          </reporter-output>
        </test-method> <!-- tearDown -->
      </class> <!-- com.tt.admin.TC_SpecialRate_dates -->
      <class name="com.tt.BE.TC_BookingAtSpecialRates">
        <test-method status="FAIL" signature="SpecialRateplan(java.util.HashMap)[pri:0, instance:com.tt.BE.TC_BookingAtSpecialRates@cb644e]" name="SpecialRateplan" duration-ms="109590" started-at="2020-12-09T11:10:34Z" data-provider="dataSupplier" finished-at="2020-12-09T11:12:24Z">
          <params>
            <param index="0">
              <value>
                <![CDATA[{=, Email=test@test.com, Special and offer code=coppercomplimentry, Address=499 Maple St., FirstName=Test, Enterzipcode=27540, Address2=Holly Springs, EnterCurrency=USD, roomtype=Superior King, Enterrooms=2, Cardname=test, Entercountry=United States, Entercity=Newyork, Numberoncard=4111111111111111, LastName=Test, Enterstate=Texas, Enterphonenum=1234567890}]]>
              </value>
            </param>
          </params>
          <exception class="org.openqa.selenium.TimeoutException">
            <message>
              <![CDATA[Expected condition failed: waiting for visibility of [[ChromeDriver: chrome on XP (a7464895610da98ca3267cab099b18c9)] -> xpath: (//*[contains(text(),'Special rate')])[1]] (tried for 60 second(s) with 500 milliseconds interval)
Build info: version: '3.141.59', revision: 'e82be7d358', time: '2018-11-14T08:17:03'
System info: host: 'DESKTOP-K1SDGBA', ip: '192.168.100.9', os.name: 'Windows 10', os.arch: 'amd64', os.version: '10.0', java.version: '1.8.0_211'
Driver info: org.openqa.selenium.chrome.ChromeDriver
Capabilities {acceptInsecureCerts: false, acceptSslCerts: false, applicationCacheEnabled: false, browserConnectionEnabled: false, browserName: chrome, chrome: {chromedriverVersion: 2.41.578737 (49da6702b16031..., userDataDir: C:\Users\TT095\AppData\Loca...}, cssSelectorsEnabled: true, databaseEnabled: false, goog:chromeOptions: {debuggerAddress: localhost:59483}, handlesAlerts: true, hasTouchScreen: false, javascriptEnabled: true, locationContextEnabled: true, mobileEmulationEnabled: false, nativeEvents: true, networkConnectionEnabled: false, pageLoadStrategy: normal, platform: XP, platformName: XP, rotatable: false, setWindowRect: true, takesHeapSnapshot: true, takesScreenshot: true, unexpectedAlertBehaviour: , unhandledPromptBehavior: , version: 87.0.4280.88, webStorageEnabled: true}
Session ID: a7464895610da98ca3267cab099b18c9]]>
            </message>
            <full-stacktrace>
              <![CDATA[org.openqa.selenium.TimeoutException: Expected condition failed: waiting for visibility of [[ChromeDriver: chrome on XP (a7464895610da98ca3267cab099b18c9)] -> xpath: (//*[contains(text(),'Special rate')])[1]] (tried for 60 second(s) with 500 milliseconds interval)
Build info: version: '3.141.59', revision: 'e82be7d358', time: '2018-11-14T08:17:03'
System info: host: 'DESKTOP-K1SDGBA', ip: '192.168.100.9', os.name: 'Windows 10', os.arch: 'amd64', os.version: '10.0', java.version: '1.8.0_211'
Driver info: org.openqa.selenium.chrome.ChromeDriver
Capabilities {acceptInsecureCerts: false, acceptSslCerts: false, applicationCacheEnabled: false, browserConnectionEnabled: false, browserName: chrome, chrome: {chromedriverVersion: 2.41.578737 (49da6702b16031..., userDataDir: C:\Users\TT095\AppData\Loca...}, cssSelectorsEnabled: true, databaseEnabled: false, goog:chromeOptions: {debuggerAddress: localhost:59483}, handlesAlerts: true, hasTouchScreen: false, javascriptEnabled: true, locationContextEnabled: true, mobileEmulationEnabled: false, nativeEvents: true, networkConnectionEnabled: false, pageLoadStrategy: normal, platform: XP, platformName: XP, rotatable: false, setWindowRect: true, takesHeapSnapshot: true, takesScreenshot: true, unexpectedAlertBehaviour: , unhandledPromptBehavior: , version: 87.0.4280.88, webStorageEnabled: true}
Session ID: a7464895610da98ca3267cab099b18c9
	at org.openqa.selenium.support.ui.WebDriverWait.timeoutException(WebDriverWait.java:95)
	at org.openqa.selenium.support.ui.FluentWait.until(FluentWait.java:272)
	at com.tt.utility.BaseTest.ExplicitWait(BaseTest.java:514)
	at com.tt.BE.pom.ClasicFlow.SpecialRateplantext_validation(ClasicFlow.java:1956)
	at com.tt.BE.TC_BookingAtSpecialRates.SpecialRateplan(TC_BookingAtSpecialRates.java:88)
	at sun.reflect.NativeMethodAccessorImpl.invoke0(Native Method)
	at sun.reflect.NativeMethodAccessorImpl.invoke(Unknown Source)
	at sun.reflect.DelegatingMethodAccessorImpl.invoke(Unknown Source)
	at java.lang.reflect.Method.invoke(Unknown Source)
	at org.testng.internal.MethodInvocationHelper.invokeMethod(MethodInvocationHelper.java:84)
	at org.testng.internal.Invoker.invokeMethod(Invoker.java:714)
	at org.testng.internal.Invoker.invokeTestMethod(Invoker.java:901)
	at org.testng.internal.Invoker.invokeTestMethods(Invoker.java:1231)
	at org.testng.internal.TestMethodWorker.invokeTestMethods(TestMethodWorker.java:127)
	at org.testng.internal.TestMethodWorker.run(TestMethodWorker.java:111)
	at org.testng.TestRunner.privateRun(TestRunner.java:767)
	at org.testng.TestRunner.run(TestRunner.java:617)
	at org.testng.SuiteRunner.runTest(SuiteRunner.java:334)
	at org.testng.SuiteRunner.runSequentially(SuiteRunner.java:329)
	at org.testng.SuiteRunner.privateRun(SuiteRunner.java:291)
	at org.testng.SuiteRunner.run(SuiteRunner.java:240)
	at org.testng.SuiteRunnerWorker.runSuite(SuiteRunnerWorker.java:52)
	at org.testng.SuiteRunnerWorker.run(SuiteRunnerWorker.java:86)
	at org.testng.TestNG.runSuitesSequentially(TestNG.java:1224)
	at org.testng.TestNG.runSuitesLocally(TestNG.java:1149)
	at org.testng.TestNG.run(TestNG.java:1057)
	at org.testng.remote.AbstractRemoteTestNG.run(AbstractRemoteTestNG.java:114)
	at org.testng.remote.RemoteTestNG.initAndRun(RemoteTestNG.java:251)
	at org.testng.remote.RemoteTestNG.main(RemoteTestNG.java:77)
]]>
            </full-stacktrace>
          </exception> <!-- org.openqa.selenium.TimeoutException -->
          <reporter-output>
          </reporter-output>
        </test-method> <!-- SpecialRateplan -->
        <test-method status="PASS" signature="getResult(org.testng.ITestResult)[pri:0, instance:com.tt.BE.TC_BookingAtSpecialRates@cb644e]" name="getResult" is-config="true" duration-ms="588" started-at="2020-12-09T11:12:24Z" finished-at="2020-12-09T11:12:24Z">
          <params>
            <param index="0">
              <value>
                <![CDATA[[TestResult name=SpecialRateplan status=FAILURE method=TC_BookingAtSpecialRates.SpecialRateplan(java.util.HashMap)[pri:0, instance:com.tt.BE.TC_BookingAtSpecialRates@cb644e] output={null}]]]>
              </value>
            </param>
          </params>
          <reporter-output>
          </reporter-output>
        </test-method> <!-- getResult -->
      </class> <!-- com.tt.BE.TC_BookingAtSpecialRates -->
    </test> <!-- tests -->
  </suite> <!-- preserve-order Suite -->
</testng-results>
